0 info it worked if it ends with ok
1 verbose cli [ 'C:\\Program Files\\nodejs\\node.exe',
1 verbose cli   'C:\\Program Files\\nodejs\\node_modules\\npm\\bin\\npm-cli.js',
1 verbose cli   'start' ]
2 info using npm@3.9.5
3 info using node@v6.2.2
4 verbose run-script [ 'prestart', 'start', 'poststart' ]
5 info lifecycle boats-animator@0.7.3~prestart: boats-animator@0.7.3
6 silly lifecycle boats-animator@0.7.3~prestart: no script for prestart, continuing
7 info lifecycle boats-animator@0.7.3~start: boats-animator@0.7.3
8 verbose lifecycle boats-animator@0.7.3~start: unsafe-perm in lifecycle true
9 verbose lifecycle boats-animator@0.7.3~start: PATH: C:\Program Files\nodejs\node_modules\npm\bin\node-gyp-bin;C:\Users\Charlie\Documents\GitHub\animator\node_modules\.bin;C:\Program Files\nodejs;C:\ProgramData\Oracle\Java\javapath;C:\WINDOWS\system32;C:\WINDOWS;C:\WINDOWS\System32\Wbem;C:\WINDOWS\System32\WindowsPowerShell\v1.0\;C:\Program Files (x86)\Common Files\Propellerhead Software\ReWire\;C:\Program Files\Common Files\Propellerhead Software\ReWire\;C:\Program Files (x86)\Skype\Phone\;C:\Program Files\nodejs\;C:\Program Files\jEdit;C:\ProgramData\chocolatey\bin;C:\tools\python2;C:\Program Files\Git\cmd;C:\Program Files (x86)\PharosSystems\Core;C:\Program Files (x86)\Brackets\command;C:\Program Files (x86)\zenity\bin\;C:\Ruby23\bin;C:\Users\Charlie\AppData\Roaming\npm;C:\Users\Charlie\AppData\Local\Microsoft\WindowsApps;C:\Program Files\Java\jdk1.8.0_102\bin;C:\tools\python2;C:\tools\python2\Scripts;C:\Program Files (x86)\Microsoft VS Code\bin;C:\Users\Charlie\Documents\CMD
10 verbose lifecycle boats-animator@0.7.3~start: CWD: C:\Users\Charlie\Documents\GitHub\animator
11 silly lifecycle boats-animator@0.7.3~start: Args: [ '/d /s /c', 'nwb nwbuild -v 0.14.7-sdk -r .' ]
12 silly lifecycle boats-animator@0.7.3~start: Returned: code: 258  signal: null
13 info lifecycle boats-animator@0.7.3~start: Failed to exec start script
14 verbose stack Error: boats-animator@0.7.3 start: `nwb nwbuild -v 0.14.7-sdk -r .`
14 verbose stack Exit status 258
14 verbose stack     at EventEmitter.<anonymous> (C:\Program Files\nodejs\node_modules\npm\lib\utils\lifecycle.js:245:16)
14 verbose stack     at emitTwo (events.js:106:13)
14 verbose stack     at EventEmitter.emit (events.js:191:7)
14 verbose stack     at ChildProcess.<anonymous> (C:\Program Files\nodejs\node_modules\npm\lib\utils\spawn.js:24:14)
14 verbose stack     at emitTwo (events.js:106:13)
14 verbose stack     at ChildProcess.emit (events.js:191:7)
14 verbose stack     at maybeClose (internal/child_process.js:852:16)
14 verbose stack     at Process.ChildProcess._handle.onexit (internal/child_process.js:215:5)
15 verbose pkgid boats-animator@0.7.3
16 verbose cwd C:\Users\Charlie\Documents\GitHub\animator
17 error Windows_NT 10.0.14393
18 error argv "C:\\Program Files\\nodejs\\node.exe" "C:\\Program Files\\nodejs\\node_modules\\npm\\bin\\npm-cli.js" "start"
19 error node v6.2.2
20 error npm  v3.9.5
21 error code ELIFECYCLE
22 error boats-animator@0.7.3 start: `nwb nwbuild -v 0.14.7-sdk -r .`
22 error Exit status 258
23 error Failed at the boats-animator@0.7.3 start script 'nwb nwbuild -v 0.14.7-sdk -r .'.
23 error Make sure you have the latest version of node.js and npm installed.
23 error If you do, this is most likely a problem with the boats-animator package,
23 error not with npm itself.
23 error Tell the author that this fails on your system:
23 error     nwb nwbuild -v 0.14.7-sdk -r .
23 error You can get information on how to open an issue for this project with:
23 error     npm bugs boats-animator
23 error Or if that isn't available, you can get their info via:
23 error     npm owner ls boats-animator
23 error There is likely additional logging output above.
24 verbose exit [ 1, true ]
